Using pre-set license
Built from '2020.3/release' branch; Version is '2020.3.12f1 (b3b2c6512326) revision 11776710'; Using compiler version '192528614'; Build Type 'Release'
OS: 'Windows 10 Pro; OS build 19044.1415; Version 2009; 64bit' Language: 'fr' Physical Memory: 32617 MB
BatchMode: 1, IsHumanControllingUs: 0, StartBugReporterOnCrash: 0, Is64bit: 1, IsPro: 0

 COMMAND LINE ARGUMENTS:
D:\Unity\2020.3.12f1\Editor\Unity.exe
-adb2
-batchMode
-noUpm
-name
AssetImportWorker0
-projectPath
D:/Unity/Build/RPG_Project_1
-logFile
Logs/AssetImportWorker0.log
-srvPort
63264
Successfully changed project path to: D:/Unity/Build/RPG_Project_1
D:/Unity/Build/RPG_Project_1
Using Asset Import Pipeline V2.
Refreshing native plugins compatible for Editor in 55.76 ms, found 2 plugins.
Preloading 0 native plugins for Editor in 0.00 ms.
Initialize engine version: 2020.3.12f1 (b3b2c6512326)
[Subsystems] Discovering subsystems at path D:/Unity/2020.3.12f1/Editor/Data/Resources/UnitySubsystems
[Subsystems] Discovering subsystems at path D:/Unity/Build/RPG_Project_1/Assets
GfxDevice: creating device client; threaded=0
Direct3D:
    Version:  Direct3D 11.0 [level 11.1]
    Renderer: NVIDIA GeForce RTX 2070 (ID=0x1f10)
    Vendor:   
    VRAM:     8031 MB
    Driver:   30.0.14.9709
Initialize mono
Mono path[0] = 'D:/Unity/2020.3.12f1/Editor/Data/Managed'
Mono path[1] = 'D:/Unity/2020.3.12f1/Editor/Data/MonoBleedingEdge/lib/mono/unityjit'
Mono config path = 'D:/Unity/2020.3.12f1/Editor/Data/MonoBleedingEdge/etc'
Using monoOptions --debugger-agent=transport=dt_socket,embedding=1,server=y,suspend=n,address=127.0.0.1:56988
Begin MonoManager ReloadAssembly
Registering precompiled unity dll's ...
Register platform support module: D:/Unity/2020.3.12f1/Editor/Data/PlaybackEngines/WebGLSupport/UnityEditor.WebGL.Extensions.dll
Register platform support module: D:/Unity/2020.3.12f1/Editor/Data/PlaybackEngines/WindowsStandaloneSupport/UnityEditor.WindowsStandalone.Extensions.dll
Registered in 0.002257 seconds.
Native extension for WindowsStandalone target not found
Native extension for WebGL target not found
Refreshing native plugins compatible for Editor in 79.03 ms, found 2 plugins.
Preloading 0 native plugins for Editor in 0.00 ms.
Mono: successfully reloaded assembly
- Completed reload, in  2.137 seconds
Platform modules already initialized, skipping
Registering precompiled user dll's ...
Registered in 0.018363 seconds.
Begin MonoManager ReloadAssembly
Native extension for WindowsStandalone target not found
Native extension for WebGL target not found
Refreshing native plugins compatible for Editor in 0.74 ms, found 2 plugins.
Preloading 0 native plugins for Editor in 0.00 ms.
Mono: successfully reloaded assembly
- Completed reload, in  1.446 seconds
Platform modules already initialized, skipping
========================================================================
Worker process is ready to serve import requests
Launched and connected shader compiler UnityShaderCompiler.exe after 0.08 seconds
Refreshing native plugins compatible for Editor in 0.46 ms, found 2 plugins.
Preloading 0 native plugins for Editor in 0.00 ms.
Unloading 1457 Unused Serialized files (Serialized files now loaded: 0)
System memory in use before: 100.5 MB.
System memory in use after: 100.5 MB.

Unloading 19 unused Assets to reduce memory usage. Loaded Objects now: 1918.
Total: 2.409800 ms (FindLiveObjects: 0.297100 ms CreateObjectMapping: 0.078800 ms MarkObjects: 1.844900 ms  DeleteObjects: 0.187200 ms)

AssetImportParameters requested are different than current active one (requested -> active):
  custom:framework-win-MediaFoundation: 216162199b28c13a410421893ffa2e32 -> 
  custom:video-decoder-ogg-theora: a1e56fd34408186e4bbccfd4996cb3dc -> 
  custom:container-muxer-webm: aa71ff27fc2769a1b78a27578f13a17b -> 
  custom:container-demuxer-webm: 4f35f7cbe854078d1ac9338744f61a02 -> 
  custom:container-demuxer-ogg: 62fdf1f143b41e24485cea50d1cbac27 -> 
  custom:video-encoder-webm-vp8: eb34c28f22e8b96e1ab97ce403110664 -> 
  custom:video-codec-MediaFoundation-h265: 746d11721c4dcdbdad8f713fa42b33f4 -> 
  custom:video-decoder-webm-vp8: 9c59270c3fd7afecdb556c50c9e8de78 -> 
  custom:audio-decoder-ogg-vorbis: bf7c407c2cedff20999df2af8eb42d56 -> 
  custom:audio-encoder-webm-vorbis: bf7c407c2cedff20999df2af8eb42d56 -> 
========================================================================
Received Import Request.
  path: Assets/Scripts/CharacterMotor.cs
  artifactKey: Guid(5f6d66f6d1d3e554ca9d28cdfbb2c139) Importer(815301076,1909f56bfc062723c751e8b465ee728b)
Start importing Assets/Scripts/CharacterMotor.cs using Guid(5f6d66f6d1d3e554ca9d28cdfbb2c139) Importer(815301076,1909f56bfc062723c751e8b465ee728b)  -> (artifact id: '73df86a606611c0dd7953590b80d6363') in 0.158376 seconds 
  Import took 0.162758 seconds .

========================================================================
Received Prepare
Registering precompiled user dll's ...
Registered in 0.004364 seconds.
Begin MonoManager ReloadAssembly
Native extension for WindowsStandalone target not found
Native extension for WebGL target not found
Refreshing native plugins compatible for Editor in 0.40 ms, found 2 plugins.
Preloading 0 native plugins for Editor in 0.00 ms.
Mono: successfully reloaded assembly
- Completed reload, in  0.858 seconds
Platform modules already initialized, skipping
Refreshing native plugins compatible for Editor in 0.41 ms, found 2 plugins.
Preloading 0 native plugins for Editor in 0.00 ms.
Unloading 1443 Unused Serialized files (Serialized files now loaded: 0)
System memory in use before: 99.5 MB.
System memory in use after: 99.6 MB.

Unloading 14 unused Assets to reduce memory usage. Loaded Objects now: 1921.
Total: 1.900900 ms (FindLiveObjects: 0.155300 ms CreateObjectMapping: 0.040400 ms MarkObjects: 1.612400 ms  DeleteObjects: 0.091800 ms)

AssetImportParameters requested are different than current active one (requested -> active):
  custom:framework-win-MediaFoundation: 216162199b28c13a410421893ffa2e32 -> 
  custom:video-decoder-ogg-theora: a1e56fd34408186e4bbccfd4996cb3dc -> 
  custom:container-muxer-webm: aa71ff27fc2769a1b78a27578f13a17b -> 
  custom:container-demuxer-webm: 4f35f7cbe854078d1ac9338744f61a02 -> 
  custom:container-demuxer-ogg: 62fdf1f143b41e24485cea50d1cbac27 -> 
  custom:video-encoder-webm-vp8: eb34c28f22e8b96e1ab97ce403110664 -> 
  custom:video-codec-MediaFoundation-h265: 746d11721c4dcdbdad8f713fa42b33f4 -> 
  custom:video-decoder-webm-vp8: 9c59270c3fd7afecdb556c50c9e8de78 -> 
  custom:audio-decoder-ogg-vorbis: bf7c407c2cedff20999df2af8eb42d56 -> 
  custom:audio-encoder-webm-vorbis: bf7c407c2cedff20999df2af8eb42d56 -> 
========================================================================
Received Import Request.
  Time since last request: 4985.794472 seconds.
  path: Assets/Assets/InventoryMaster/Fonts/American Purpose.otf
  artifactKey: Guid(d8bee09f4790983418e364bc88d834d5) Importer(815301076,1909f56bfc062723c751e8b465ee728b)
Start importing Assets/Assets/InventoryMaster/Fonts/American Purpose.otf using Guid(d8bee09f4790983418e364bc88d834d5) Importer(815301076,1909f56bfc062723c751e8b465ee728b)  -> (artifact id: '20746627f9fb01d0322e5e4aa66504c9') in 0.203541 seconds 
  Import took 0.207886 seconds .

========================================================================
Received Import Request.
  Time since last request: 0.000258 seconds.
  path: Assets/Assets/InventoryMaster/Fonts/American Purpose.ttf
  artifactKey: Guid(1dff1b849d412984484f5e6b05356073) Importer(815301076,1909f56bfc062723c751e8b465ee728b)
Start importing Assets/Assets/InventoryMaster/Fonts/American Purpose.ttf using Guid(1dff1b849d412984484f5e6b05356073) Importer(815301076,1909f56bfc062723c751e8b465ee728b)  -> (artifact id: '4d7c3d110d7bbb21be29506af488a599') in 0.045653 seconds 
  Import took 0.048708 seconds .

========================================================================
Received Import Request.
  Time since last request: 0.000297 seconds.
  path: Assets/Assets/InventoryMaster/Fonts/American Purpose STRIPE 1 Normal.ttf
  artifactKey: Guid(024da2176b6bbd74d8def586930a1233) Importer(815301076,1909f56bfc062723c751e8b465ee728b)
Start importing Assets/Assets/InventoryMaster/Fonts/American Purpose STRIPE 1 Normal.ttf using Guid(024da2176b6bbd74d8def586930a1233) Importer(815301076,1909f56bfc062723c751e8b465ee728b)  -> (artifact id: '99a8b165198015c8c6c9ddb24c85cad7') in 0.082918 seconds 
  Import took 0.086471 seconds .

========================================================================
Received Import Request.
  Time since last request: 0.000337 seconds.
  path: Assets/Assets/InventoryMaster/Fonts/American Purpose STRIPE 1 Normal.otf
  artifactKey: Guid(bbf329630f0c42246b2cf9e13031b8d1) Importer(815301076,1909f56bfc062723c751e8b465ee728b)
Start importing Assets/Assets/InventoryMaster/Fonts/American Purpose STRIPE 1 Normal.otf using Guid(bbf329630f0c42246b2cf9e13031b8d1) Importer(815301076,1909f56bfc062723c751e8b465ee728b)  -> (artifact id: '834d8ddf65ac3bba9dfdecd87d9c485a') in 0.042412 seconds 
  Import took 0.045805 seconds .

========================================================================
Received Import Request.
  Time since last request: 0.000252 seconds.
  path: Assets/Assets/InventoryMaster/Fonts/American Purpose STRIPE 1 Bold.ttf
  artifactKey: Guid(8c6210bd8bdfde34d81615b1694b8655) Importer(815301076,1909f56bfc062723c751e8b465ee728b)
Start importing Assets/Assets/InventoryMaster/Fonts/American Purpose STRIPE 1 Bold.ttf using Guid(8c6210bd8bdfde34d81615b1694b8655) Importer(815301076,1909f56bfc062723c751e8b465ee728b)  -> (artifact id: '7874c4e013815b2577dec6da33167fd6') in 0.060119 seconds 
  Import took 0.063193 seconds .

========================================================================
Received Import Request.
  Time since last request: 0.000275 seconds.
  path: Assets/Assets/InventoryMaster/Fonts/American Purpose STRIPE 1 Bold.otf
  artifactKey: Guid(e731e4d8435e7e945936240a1ecf0f56) Importer(815301076,1909f56bfc062723c751e8b465ee728b)
Start importing Assets/Assets/InventoryMaster/Fonts/American Purpose STRIPE 1 Bold.otf using Guid(e731e4d8435e7e945936240a1ecf0f56) Importer(815301076,1909f56bfc062723c751e8b465ee728b)  -> (artifact id: '2882c8466c2c21344824a88f5d84bf93') in 0.047124 seconds 
  Import took 0.050112 seconds .

========================================================================
Received Import Request.
  Time since last request: 1161.442432 seconds.
  path: Assets/Scripts/PlayerSkills.cs
  artifactKey: Guid(0143bed3c6d5ad5499ce72b308eb7f51) Importer(815301076,1909f56bfc062723c751e8b465ee728b)
Start importing Assets/Scripts/PlayerSkills.cs using Guid(0143bed3c6d5ad5499ce72b308eb7f51) Importer(815301076,1909f56bfc062723c751e8b465ee728b)  -> (artifact id: 'a34f80763605bdd8542d2ed2a54466c4') in 0.006880 seconds 
  Import took 0.011277 seconds .

========================================================================
Received Import Request.
  Time since last request: 0.002220 seconds.
  path: Assets/Scripts/PlayerSkills.cs
  artifactKey: Guid(0143bed3c6d5ad5499ce72b308eb7f51) Importer(815301076,1909f56bfc062723c751e8b465ee728b)
Start importing Assets/Scripts/PlayerSkills.cs using Guid(0143bed3c6d5ad5499ce72b308eb7f51) Importer(815301076,1909f56bfc062723c751e8b465ee728b)  -> (artifact id: 'a34f80763605bdd8542d2ed2a54466c4') in 0.001878 seconds 
  Import took 0.004261 seconds .

========================================================================
Received Prepare
Registering precompiled user dll's ...
Registered in 0.003983 seconds.
Begin MonoManager ReloadAssembly
Native extension for WindowsStandalone target not found
Native extension for WebGL target not found
Refreshing native plugins compatible for Editor in 0.42 ms, found 2 plugins.
Preloading 0 native plugins for Editor in 0.00 ms.
Mono: successfully reloaded assembly
- Completed reload, in  0.974 seconds
Platform modules already initialized, skipping
Refreshing native plugins compatible for Editor in 0.44 ms, found 2 plugins.
Preloading 0 native plugins for Editor in 0.00 ms.
Unloading 1444 Unused Serialized files (Serialized files now loaded: 0)
System memory in use before: 103.0 MB.
System memory in use after: 103.1 MB.

Unloading 14 unused Assets to reduce memory usage. Loaded Objects now: 1969.
Total: 2.027400 ms (FindLiveObjects: 0.160500 ms CreateObjectMapping: 0.047900 ms MarkObjects: 1.725700 ms  DeleteObjects: 0.092000 ms)

AssetImportParameters requested are different than current active one (requested -> active):
  custom:framework-win-MediaFoundation: 216162199b28c13a410421893ffa2e32 -> 
  custom:video-decoder-ogg-theora: a1e56fd34408186e4bbccfd4996cb3dc -> 
  custom:container-muxer-webm: aa71ff27fc2769a1b78a27578f13a17b -> 
  custom:container-demuxer-webm: 4f35f7cbe854078d1ac9338744f61a02 -> 
  custom:container-demuxer-ogg: 62fdf1f143b41e24485cea50d1cbac27 -> 
  custom:video-encoder-webm-vp8: eb34c28f22e8b96e1ab97ce403110664 -> 
  custom:video-codec-MediaFoundation-h265: 746d11721c4dcdbdad8f713fa42b33f4 -> 
  custom:video-decoder-webm-vp8: 9c59270c3fd7afecdb556c50c9e8de78 -> 
  custom:audio-decoder-ogg-vorbis: bf7c407c2cedff20999df2af8eb42d56 -> 
  custom:audio-encoder-webm-vorbis: bf7c407c2cedff20999df2af8eb42d56 -> 
========================================================================
Received Import Request.
  Time since last request: 484.597824 seconds.
  path: Assets/Scripts/PlayerSkills.cs
  artifactKey: Guid(0143bed3c6d5ad5499ce72b308eb7f51) Importer(815301076,1909f56bfc062723c751e8b465ee728b)
Start importing Assets/Scripts/PlayerSkills.cs using Guid(0143bed3c6d5ad5499ce72b308eb7f51) Importer(815301076,1909f56bfc062723c751e8b465ee728b)  -> (artifact id: '05cee97fbf284c151b8160413b148348') in 0.008053 seconds 
  Import took 0.011499 seconds .

========================================================================
Received Prepare
Registering precompiled user dll's ...
Registered in 0.003805 seconds.
Begin MonoManager ReloadAssembly
Native extension for WindowsStandalone target not found
Native extension for WebGL target not found
Refreshing native plugins compatible for Editor in 0.40 ms, found 2 plugins.
Preloading 0 native plugins for Editor in 0.00 ms.
Mono: successfully reloaded assembly
- Completed reload, in  0.876 seconds
Platform modules already initialized, skipping
Refreshing native plugins compatible for Editor in 0.43 ms, found 2 plugins.
Preloading 0 native plugins for Editor in 0.00 ms.
Unloading 1444 Unused Serialized files (Serialized files now loaded: 0)
System memory in use before: 103.1 MB.
System memory in use after: 103.1 MB.

Unloading 14 unused Assets to reduce memory usage. Loaded Objects now: 1972.
Total: 1.914000 ms (FindLiveObjects: 0.131500 ms CreateObjectMapping: 0.037900 ms MarkObjects: 1.655900 ms  DeleteObjects: 0.087700 ms)

AssetImportParameters requested are different than current active one (requested -> active):
  custom:framework-win-MediaFoundation: 216162199b28c13a410421893ffa2e32 -> 
  custom:video-decoder-ogg-theora: a1e56fd34408186e4bbccfd4996cb3dc -> 
  custom:container-muxer-webm: aa71ff27fc2769a1b78a27578f13a17b -> 
  custom:container-demuxer-webm: 4f35f7cbe854078d1ac9338744f61a02 -> 
  custom:container-demuxer-ogg: 62fdf1f143b41e24485cea50d1cbac27 -> 
  custom:video-encoder-webm-vp8: eb34c28f22e8b96e1ab97ce403110664 -> 
  custom:video-codec-MediaFoundation-h265: 746d11721c4dcdbdad8f713fa42b33f4 -> 
  custom:video-decoder-webm-vp8: 9c59270c3fd7afecdb556c50c9e8de78 -> 
  custom:audio-decoder-ogg-vorbis: bf7c407c2cedff20999df2af8eb42d56 -> 
  custom:audio-encoder-webm-vorbis: bf7c407c2cedff20999df2af8eb42d56 -> 
========================================================================
Received Prepare
Registering precompiled user dll's ...
Registered in 0.004276 seconds.
Begin MonoManager ReloadAssembly
Native extension for WindowsStandalone target not found
Native extension for WebGL target not found
Refreshing native plugins compatible for Editor in 0.52 ms, found 2 plugins.
Preloading 0 native plugins for Editor in 0.00 ms.
Mono: successfully reloaded assembly
- Completed reload, in  0.920 seconds
Platform modules already initialized, skipping
Refreshing native plugins compatible for Editor in 0.42 ms, found 2 plugins.
Preloading 0 native plugins for Editor in 0.00 ms.
Unloading 1444 Unused Serialized files (Serialized files now loaded: 0)
System memory in use before: 103.1 MB.
System memory in use after: 103.2 MB.

Unloading 14 unused Assets to reduce memory usage. Loaded Objects now: 1975.
Total: 2.134500 ms (FindLiveObjects: 0.158800 ms CreateObjectMapping: 0.045400 ms MarkObjects: 1.833500 ms  DeleteObjects: 0.095600 ms)

AssetImportParameters requested are different than current active one (requested -> active):
  custom:framework-win-MediaFoundation: 216162199b28c13a410421893ffa2e32 -> 
  custom:video-decoder-ogg-theora: a1e56fd34408186e4bbccfd4996cb3dc -> 
  custom:container-muxer-webm: aa71ff27fc2769a1b78a27578f13a17b -> 
  custom:container-demuxer-webm: 4f35f7cbe854078d1ac9338744f61a02 -> 
  custom:container-demuxer-ogg: 62fdf1f143b41e24485cea50d1cbac27 -> 
  custom:video-encoder-webm-vp8: eb34c28f22e8b96e1ab97ce403110664 -> 
  custom:video-codec-MediaFoundation-h265: 746d11721c4dcdbdad8f713fa42b33f4 -> 
  custom:video-decoder-webm-vp8: 9c59270c3fd7afecdb556c50c9e8de78 -> 
  custom:audio-decoder-ogg-vorbis: bf7c407c2cedff20999df2af8eb42d56 -> 
  custom:audio-encoder-webm-vorbis: bf7c407c2cedff20999df2af8eb42d56 -> 
========================================================================
Received Import Request.
  Time since last request: 202.380302 seconds.
  path: Assets/Prefabs/Ekard_Humanoid.prefab
  artifactKey: Guid(d4bd81ac55f006745854c032f2e4d139) Importer(815301076,1909f56bfc062723c751e8b465ee728b)
Start importing Assets/Prefabs/Ekard_Humanoid.prefab using Guid(d4bd81ac55f006745854c032f2e4d139) Importer(815301076,1909f56bfc062723c751e8b465ee728b)  -> (artifact id: 'aeb1de167059e782960219a3c389cb8c') in 0.204106 seconds 
  Import took 0.207710 seconds .

========================================================================
Received Import Request.
  Time since last request: 9.759002 seconds.
  path: Assets/Prefabs/Inventory's.prefab
  artifactKey: Guid(503efd7b8b928a84ea12f26916ba1088) Importer(815301076,1909f56bfc062723c751e8b465ee728b)
Start importing Assets/Prefabs/Inventory's.prefab using Guid(503efd7b8b928a84ea12f26916ba1088) Importer(815301076,1909f56bfc062723c751e8b465ee728b)  -> (artifact id: '96e3f1cd91bdf1cd7f70b50528941b08') in 0.060751 seconds 
  Import took 0.066534 seconds .

========================================================================
Received Import Request.
  Time since last request: 26.086038 seconds.
  path: Assets/Prefabs/Inventory's.prefab
  artifactKey: Guid(503efd7b8b928a84ea12f26916ba1088) Importer(815301076,1909f56bfc062723c751e8b465ee728b)
Start importing Assets/Prefabs/Inventory's.prefab using Guid(503efd7b8b928a84ea12f26916ba1088) Importer(815301076,1909f56bfc062723c751e8b465ee728b)  -> (artifact id: 'c55c428026e5f107d82eb8e2bc49438e') in 0.035509 seconds 
  Import took 0.039868 seconds .

========================================================================
Received Import Request.
  Time since last request: 13.989543 seconds.
  path: Assets/Prefabs/Inventory's.prefab
  artifactKey: Guid(503efd7b8b928a84ea12f26916ba1088) Importer(815301076,1909f56bfc062723c751e8b465ee728b)
Start importing Assets/Prefabs/Inventory's.prefab using Guid(503efd7b8b928a84ea12f26916ba1088) Importer(815301076,1909f56bfc062723c751e8b465ee728b)  -> (artifact id: '36fc04a77cdae099eef1f05811620f61') in 0.032146 seconds 
  Import took 0.044394 seconds .

========================================================================
Received Prepare
Registering precompiled user dll's ...
Registered in 0.004518 seconds.
Begin MonoManager ReloadAssembly
Native extension for WindowsStandalone target not found
Native extension for WebGL target not found
Refreshing native plugins compatible for Editor in 0.40 ms, found 2 plugins.
Preloading 0 native plugins for Editor in 0.00 ms.
Mono: successfully reloaded assembly
- Completed reload, in  0.912 seconds
Platform modules already initialized, skipping
Refreshing native plugins compatible for Editor in 0.41 ms, found 2 plugins.
Preloading 0 native plugins for Editor in 0.00 ms.
Unloading 1444 Unused Serialized files (Serialized files now loaded: 0)
System memory in use before: 116.9 MB.
System memory in use after: 116.9 MB.

Unloading 17 unused Assets to reduce memory usage. Loaded Objects now: 1983.
Total: 1.935800 ms (FindLiveObjects: 0.150900 ms CreateObjectMapping: 0.039100 ms MarkObjects: 1.642500 ms  DeleteObjects: 0.102300 ms)

AssetImportParameters requested are different than current active one (requested -> active):
  custom:framework-win-MediaFoundation: 216162199b28c13a410421893ffa2e32 -> 
  custom:video-decoder-ogg-theora: a1e56fd34408186e4bbccfd4996cb3dc -> 
  custom:container-muxer-webm: aa71ff27fc2769a1b78a27578f13a17b -> 
  custom:container-demuxer-webm: 4f35f7cbe854078d1ac9338744f61a02 -> 
  custom:container-demuxer-ogg: 62fdf1f143b41e24485cea50d1cbac27 -> 
  custom:video-encoder-webm-vp8: eb34c28f22e8b96e1ab97ce403110664 -> 
  custom:video-codec-MediaFoundation-h265: 746d11721c4dcdbdad8f713fa42b33f4 -> 
  custom:video-decoder-webm-vp8: 9c59270c3fd7afecdb556c50c9e8de78 -> 
  custom:audio-decoder-ogg-vorbis: bf7c407c2cedff20999df2af8eb42d56 -> 
  custom:audio-encoder-webm-vorbis: bf7c407c2cedff20999df2af8eb42d56 -> 
========================================================================
Received Prepare
Registering precompiled user dll's ...
Registered in 0.003987 seconds.
Begin MonoManager ReloadAssembly
Native extension for WindowsStandalone target not found
Native extension for WebGL target not found
Refreshing native plugins compatible for Editor in 0.41 ms, found 2 plugins.
Preloading 0 native plugins for Editor in 0.00 ms.
Mono: successfully reloaded assembly
- Completed reload, in  0.902 seconds
Platform modules already initialized, skipping
Refreshing native plugins compatible for Editor in 0.46 ms, found 2 plugins.
Preloading 0 native plugins for Editor in 0.00 ms.
Unloading 1444 Unused Serialized files (Serialized files now loaded: 0)
System memory in use before: 116.9 MB.
System memory in use after: 117.0 MB.

Unloading 14 unused Assets to reduce memory usage. Loaded Objects now: 1986.
Total: 2.135200 ms (FindLiveObjects: 0.154100 ms CreateObjectMapping: 0.037000 ms MarkObjects: 1.850300 ms  DeleteObjects: 0.092900 ms)

AssetImportParameters requested are different than current active one (requested -> active):
  custom:framework-win-MediaFoundation: 216162199b28c13a410421893ffa2e32 -> 
  custom:video-decoder-ogg-theora: a1e56fd34408186e4bbccfd4996cb3dc -> 
  custom:container-muxer-webm: aa71ff27fc2769a1b78a27578f13a17b -> 
  custom:container-demuxer-webm: 4f35f7cbe854078d1ac9338744f61a02 -> 
  custom:container-demuxer-ogg: 62fdf1f143b41e24485cea50d1cbac27 -> 
  custom:video-encoder-webm-vp8: eb34c28f22e8b96e1ab97ce403110664 -> 
  custom:video-codec-MediaFoundation-h265: 746d11721c4dcdbdad8f713fa42b33f4 -> 
  custom:video-decoder-webm-vp8: 9c59270c3fd7afecdb556c50c9e8de78 -> 
  custom:audio-decoder-ogg-vorbis: bf7c407c2cedff20999df2af8eb42d56 -> 
  custom:audio-encoder-webm-vorbis: bf7c407c2cedff20999df2af8eb42d56 -> 
========================================================================
Received Prepare
Registering precompiled user dll's ...
Registered in 0.004041 seconds.
Begin MonoManager ReloadAssembly
Native extension for WindowsStandalone target not found
Native extension for WebGL target not found
Refreshing native plugins compatible for Editor in 0.41 ms, found 2 plugins.
Preloading 0 native plugins for Editor in 0.00 ms.
Mono: successfully reloaded assembly
- Completed reload, in  0.859 seconds
Platform modules already initialized, skipping
Refreshing native plugins compatible for Editor in 0.44 ms, found 2 plugins.
Preloading 0 native plugins for Editor in 0.00 ms.
Unloading 1444 Unused Serialized files (Serialized files now loaded: 0)
System memory in use before: 116.9 MB.
System memory in use after: 117.0 MB.

Unloading 14 unused Assets to reduce memory usage. Loaded Objects now: 1989.
Total: 2.121000 ms (FindLiveObjects: 0.154100 ms CreateObjectMapping: 0.039700 ms MarkObjects: 1.831100 ms  DeleteObjects: 0.095400 ms)

AssetImportParameters requested are different than current active one (requested -> active):
  custom:framework-win-MediaFoundation: 216162199b28c13a410421893ffa2e32 -> 
  custom:video-decoder-ogg-theora: a1e56fd34408186e4bbccfd4996cb3dc -> 
  custom:container-muxer-webm: aa71ff27fc2769a1b78a27578f13a17b -> 
  custom:container-demuxer-webm: 4f35f7cbe854078d1ac9338744f61a02 -> 
  custom:container-demuxer-ogg: 62fdf1f143b41e24485cea50d1cbac27 -> 
  custom:video-encoder-webm-vp8: eb34c28f22e8b96e1ab97ce403110664 -> 
  custom:video-codec-MediaFoundation-h265: 746d11721c4dcdbdad8f713fa42b33f4 -> 
  custom:video-decoder-webm-vp8: 9c59270c3fd7afecdb556c50c9e8de78 -> 
  custom:audio-decoder-ogg-vorbis: bf7c407c2cedff20999df2af8eb42d56 -> 
  custom:audio-encoder-webm-vorbis: bf7c407c2cedff20999df2af8eb42d56 -> 
========================================================================
Received Prepare
Registering precompiled user dll's ...
Registered in 0.003741 seconds.
Begin MonoManager ReloadAssembly
Native extension for WindowsStandalone target not found
Native extension for WebGL target not found
Refreshing native plugins compatible for Editor in 0.68 ms, found 2 plugins.
Preloading 0 native plugins for Editor in 0.00 ms.
Mono: successfully reloaded assembly
- Completed reload, in  0.892 seconds
Platform modules already initialized, skipping
Refreshing native plugins compatible for Editor in 0.44 ms, found 2 plugins.
Preloading 0 native plugins for Editor in 0.00 ms.
Unloading 1444 Unused Serialized files (Serialized files now loaded: 0)
System memory in use before: 116.9 MB.
System memory in use after: 117.0 MB.

Unloading 14 unused Assets to reduce memory usage. Loaded Objects now: 1992.
Total: 1.926600 ms (FindLiveObjects: 0.162300 ms CreateObjectMapping: 0.041100 ms MarkObjects: 1.633000 ms  DeleteObjects: 0.089000 ms)

AssetImportParameters requested are different than current active one (requested -> active):
  custom:framework-win-MediaFoundation: 216162199b28c13a410421893ffa2e32 -> 
  custom:video-decoder-ogg-theora: a1e56fd34408186e4bbccfd4996cb3dc -> 
  custom:container-muxer-webm: aa71ff27fc2769a1b78a27578f13a17b -> 
  custom:container-demuxer-webm: 4f35f7cbe854078d1ac9338744f61a02 -> 
  custom:container-demuxer-ogg: 62fdf1f143b41e24485cea50d1cbac27 -> 
  custom:video-encoder-webm-vp8: eb34c28f22e8b96e1ab97ce403110664 -> 
  custom:video-codec-MediaFoundation-h265: 746d11721c4dcdbdad8f713fa42b33f4 -> 
  custom:video-decoder-webm-vp8: 9c59270c3fd7afecdb556c50c9e8de78 -> 
  custom:audio-decoder-ogg-vorbis: bf7c407c2cedff20999df2af8eb42d56 -> 
  custom:audio-encoder-webm-vorbis: bf7c407c2cedff20999df2af8eb42d56 -> 
========================================================================
Received Import Request.
  Time since last request: 428.625819 seconds.
  path: Assets/Assets/Casual RPG Character - Ekard/Models/Generic/Ekard_Attack_01.FBX
  artifactKey: Guid(9758fdb7e722ee44287681dc667ee36d) Importer(815301076,1909f56bfc062723c751e8b465ee728b)
Start importing Assets/Assets/Casual RPG Character - Ekard/Models/Generic/Ekard_Attack_01.FBX using Guid(9758fdb7e722ee44287681dc667ee36d) Importer(815301076,1909f56bfc062723c751e8b465ee728b)  -> (artifact id: '4e08b57442e5a369ee5f9b042a2c9d53') in 0.379632 seconds 
  Import took 0.410508 seconds .

========================================================================
Received Prepare
Registering precompiled user dll's ...
Registered in 0.004233 seconds.
Begin MonoManager ReloadAssembly
Native extension for WindowsStandalone target not found
Native extension for WebGL target not found
Refreshing native plugins compatible for Editor in 0.41 ms, found 2 plugins.
Preloading 0 native plugins for Editor in 0.00 ms.
Mono: successfully reloaded assembly
- Completed reload, in  0.929 seconds
Platform modules already initialized, skipping
Refreshing native plugins compatible for Editor in 0.65 ms, found 2 plugins.
Preloading 0 native plugins for Editor in 0.00 ms.
Unloading 1444 Unused Serialized files (Serialized files now loaded: 0)
System memory in use before: 117.0 MB.
System memory in use after: 117.1 MB.

Unloading 14 unused Assets to reduce memory usage. Loaded Objects now: 1999.
Total: 1.923700 ms (FindLiveObjects: 0.144800 ms CreateObjectMapping: 0.039300 ms MarkObjects: 1.645800 ms  DeleteObjects: 0.092600 ms)

AssetImportParameters requested are different than current active one (requested -> active):
  custom:framework-win-MediaFoundation: 216162199b28c13a410421893ffa2e32 -> 
  custom:video-decoder-ogg-theora: a1e56fd34408186e4bbccfd4996cb3dc -> 
  custom:container-muxer-webm: aa71ff27fc2769a1b78a27578f13a17b -> 
  custom:container-demuxer-webm: 4f35f7cbe854078d1ac9338744f61a02 -> 
  custom:container-demuxer-ogg: 62fdf1f143b41e24485cea50d1cbac27 -> 
  custom:video-encoder-webm-vp8: eb34c28f22e8b96e1ab97ce403110664 -> 
  custom:video-codec-MediaFoundation-h265: 746d11721c4dcdbdad8f713fa42b33f4 -> 
  custom:video-decoder-webm-vp8: 9c59270c3fd7afecdb556c50c9e8de78 -> 
  custom:audio-decoder-ogg-vorbis: bf7c407c2cedff20999df2af8eb42d56 -> 
  custom:audio-encoder-webm-vorbis: bf7c407c2cedff20999df2af8eb42d56 -> 
========================================================================
Received Import Request.
  Time since last request: 487.623196 seconds.
  path: Assets/Prefabs/Ekard_Humanoid.prefab
  artifactKey: Guid(d4bd81ac55f006745854c032f2e4d139) Importer(815301076,1909f56bfc062723c751e8b465ee728b)
Start importing Assets/Prefabs/Ekard_Humanoid.prefab using Guid(d4bd81ac55f006745854c032f2e4d139) Importer(815301076,1909f56bfc062723c751e8b465ee728b)  -> (artifact id: '39badab612e09f6dec27a6d491a33a03') in 0.072520 seconds 
  Import took 0.085678 seconds .

========================================================================
Received Prepare
Registering precompiled user dll's ...
Registered in 0.003820 seconds.
Begin MonoManager ReloadAssembly
Native extension for WindowsStandalone target not found
Native extension for WebGL target not found
Refreshing native plugins compatible for Editor in 0.60 ms, found 2 plugins.
Preloading 0 native plugins for Editor in 0.00 ms.
Mono: successfully reloaded assembly
- Completed reload, in  1.010 seconds
Platform modules already initialized, skipping
Refreshing native plugins compatible for Editor in 0.45 ms, found 2 plugins.
Preloading 0 native plugins for Editor in 0.00 ms.
Unloading 1444 Unused Serialized files (Serialized files now loaded: 0)
System memory in use before: 117.0 MB.
System memory in use after: 117.1 MB.

Unloading 14 unused Assets to reduce memory usage. Loaded Objects now: 2003.
Total: 2.236600 ms (FindLiveObjects: 0.160800 ms CreateObjectMapping: 0.048000 ms MarkObjects: 1.924500 ms  DeleteObjects: 0.101900 ms)

AssetImportParameters requested are different than current active one (requested -> active):
  custom:framework-win-MediaFoundation: 216162199b28c13a410421893ffa2e32 -> 
  custom:video-decoder-ogg-theora: a1e56fd34408186e4bbccfd4996cb3dc -> 
  custom:container-muxer-webm: aa71ff27fc2769a1b78a27578f13a17b -> 
  custom:container-demuxer-webm: 4f35f7cbe854078d1ac9338744f61a02 -> 
  custom:container-demuxer-ogg: 62fdf1f143b41e24485cea50d1cbac27 -> 
  custom:video-encoder-webm-vp8: eb34c28f22e8b96e1ab97ce403110664 -> 
  custom:video-codec-MediaFoundation-h265: 746d11721c4dcdbdad8f713fa42b33f4 -> 
  custom:video-decoder-webm-vp8: 9c59270c3fd7afecdb556c50c9e8de78 -> 
  custom:audio-decoder-ogg-vorbis: bf7c407c2cedff20999df2af8eb42d56 -> 
  custom:audio-encoder-webm-vorbis: bf7c407c2cedff20999df2af8eb42d56 -> 
========================================================================
Received Import Request.
  Time since last request: 223.482417 seconds.
  path: Assets/Prefabs/Ekard_Humanoid.prefab
  artifactKey: Guid(d4bd81ac55f006745854c032f2e4d139) Importer(815301076,1909f56bfc062723c751e8b465ee728b)
Start importing Assets/Prefabs/Ekard_Humanoid.prefab using Guid(d4bd81ac55f006745854c032f2e4d139) Importer(815301076,1909f56bfc062723c751e8b465ee728b)  -> (artifact id: '0db93584a38590c93921ed26fe0e1bd0') in 0.072908 seconds 
  Import took 0.078297 seconds .

========================================================================
Received Prepare
Registering precompiled user dll's ...
Registered in 0.003831 seconds.
Begin MonoManager ReloadAssembly
Native extension for WindowsStandalone target not found
Native extension for WebGL target not found
Refreshing native plugins compatible for Editor in 0.48 ms, found 2 plugins.
Preloading 0 native plugins for Editor in 0.00 ms.
Mono: successfully reloaded assembly
- Completed reload, in  0.931 seconds
Platform modules already initialized, skipping
Refreshing native plugins compatible for Editor in 0.49 ms, found 2 plugins.
Preloading 0 native plugins for Editor in 0.00 ms.
Unloading 1444 Unused Serialized files (Serialized files now loaded: 0)
System memory in use before: 117.0 MB.
System memory in use after: 117.1 MB.

Unloading 14 unused Assets to reduce memory usage. Loaded Objects now: 2007.
Total: 2.033500 ms (FindLiveObjects: 0.143500 ms CreateObjectMapping: 0.039300 ms MarkObjects: 1.759000 ms  DeleteObjects: 0.090600 ms)

AssetImportParameters requested are different than current active one (requested -> active):
  custom:framework-win-MediaFoundation: 216162199b28c13a410421893ffa2e32 -> 
  custom:video-decoder-ogg-theora: a1e56fd34408186e4bbccfd4996cb3dc -> 
  custom:container-muxer-webm: aa71ff27fc2769a1b78a27578f13a17b -> 
  custom:container-demuxer-webm: 4f35f7cbe854078d1ac9338744f61a02 -> 
  custom:container-demuxer-ogg: 62fdf1f143b41e24485cea50d1cbac27 -> 
  custom:video-encoder-webm-vp8: eb34c28f22e8b96e1ab97ce403110664 -> 
  custom:video-codec-MediaFoundation-h265: 746d11721c4dcdbdad8f713fa42b33f4 -> 
  custom:video-decoder-webm-vp8: 9c59270c3fd7afecdb556c50c9e8de78 -> 
  custom:audio-decoder-ogg-vorbis: bf7c407c2cedff20999df2af8eb42d56 -> 
  custom:audio-encoder-webm-vorbis: bf7c407c2cedff20999df2af8eb42d56 -> 
========================================================================
Received Import Request.
  Time since last request: 120.032114 seconds.
  path: Assets/Prefabs/Inventory's.prefab
  artifactKey: Guid(503efd7b8b928a84ea12f26916ba1088) Importer(815301076,1909f56bfc062723c751e8b465ee728b)
Start importing Assets/Prefabs/Inventory's.prefab using Guid(503efd7b8b928a84ea12f26916ba1088) Importer(815301076,1909f56bfc062723c751e8b465ee728b)  -> (artifact id: 'a75cb5d506f429d2af0c6be3ec1572c4') in 0.081267 seconds 
  Import took 0.085937 seconds .

